Resource Usage Report for PROC_SUBSYSTEM 

Mapping to part: m2s060fbga484std
Cell usage:
CCC             1 use
CLKINT          11 uses
MSS_060         1 use
RCOSC_25_50MHZ  1 use
RCOSC_25_50MHZ_FAB  1 use
SYSRESET        1 use
UJTAG           1 use
CFG1           26 uses
CFG2           1605 uses
CFG3           2611 uses
CFG4           4379 uses

Carry cells:
ARI1            853 uses - used for arithmetic functions
ARI1            45 uses - used for Wide-Mux implementation
Total ARI1      898 uses


Sequential Cells: 
SLE            4591 uses

DSP Blocks:    2 of 72 (2%)
 MACC:         1 MultAdd
 MACC:         1 Mult

I/O ports: 66
I/O primitives: 59
BIBUF          20 uses
INBUF          6 uses
OUTBUF         32 uses
OUTBUF_DIFF    1 use


Global Clock Buffers: 11 of 8 (137%)


Total LUTs:    9519

Extra resources required for RAM and MACC interface logic during P&R:

RAM64x18 Interface Logic : SLEs = 2232; LUTs = 2232;
RAM1K18  Interface Logic : SLEs = 288; LUTs = 288;
MACC     Interface Logic : SLEs = 72; LUTs = 72;

Total number of SLEs after P&R:  4591 + 2232 + 288 + 72 = 7183;
Total number of LUTs after P&R:  9519 + 2232 + 288 + 72 = 12111;

